[2025-11-21 21:00:00.107] [jointLog] [info] setting maxHashResizeThreads to 8
[2025-11-21 21:00:00.107] [jointLog] [info] Fragment incompatibility prior below threshold.  Incompatible fragments will be ignored.
[2025-11-21 21:00:00.107] [jointLog] [info] Usage of --validateMappings implies use of minScoreFraction. Since not explicitly specified, it is being set to 0.65
[2025-11-21 21:00:00.107] [jointLog] [info] Setting consensusSlack to selective-alignment default of 0.35.
[2025-11-21 21:00:00.107] [jointLog] [info] parsing read library format
[2025-11-21 21:00:00.107] [jointLog] [info] There is 1 library.
[2025-11-21 21:00:00.108] [jointLog] [info] Loading pufferfish index
[2025-11-21 21:00:00.108] [jointLog] [info] Loading dense pufferfish index.
[2025-11-21 21:00:00.593] [jointLog] [info] done
[2025-11-21 21:00:00.614] [jointLog] [info] Index contained 147955 targets
[2025-11-21 21:00:00.627] [jointLog] [info] Number of decoys : 0
[2025-11-21 21:00:01.139] [jointLog] [info] Automatically detected most likely library type as IU

[2025-11-21 21:00:29.237] [fileLog] [info] 
At end of round 0
==================
Observed 16365842 total fragments (16365842 in most recent round)

[2025-11-21 21:00:29.236] [jointLog] [info] Computed 226256 rich equivalence classes for further processing
[2025-11-21 21:00:29.236] [jointLog] [info] Counted 15941445 total reads in the equivalence classes 
[2025-11-21 21:00:29.240] [jointLog] [info] Number of mappings discarded because of alignment score : 4256415
[2025-11-21 21:00:29.240] [jointLog] [info] Number of fragments entirely discarded because of alignment score : 128810
[2025-11-21 21:00:29.240] [jointLog] [info] Number of fragments discarded because they are best-mapped to decoys : 0
[2025-11-21 21:00:29.240] [jointLog] [info] Number of fragments discarded because they have only dovetail (discordant) mappings to valid targets : 50396
[2025-11-21 21:00:29.240] [jointLog] [info] Mapping rate = 97.4068%

[2025-11-21 21:00:29.240] [jointLog] [info] finished quantifyLibrary()
[2025-11-21 21:00:29.256] [jointLog] [info] Starting optimizer
[2025-11-21 21:00:29.294] [jointLog] [info] Marked 0 weighted equivalence classes as degenerate
[2025-11-21 21:00:29.303] [jointLog] [info] iteration = 0 | max rel diff. = 7335.7
[2025-11-21 21:00:30.013] [jointLog] [info] iteration = 100 | max rel diff. = 13.9966
[2025-11-21 21:00:30.748] [jointLog] [info] iteration = 200 | max rel diff. = 5.05961
[2025-11-21 21:00:31.485] [jointLog] [info] iteration = 300 | max rel diff. = 1.79512
[2025-11-21 21:00:32.170] [jointLog] [info] iteration = 400 | max rel diff. = 2.91247
[2025-11-21 21:00:32.900] [jointLog] [info] iteration = 500 | max rel diff. = 1.02794
[2025-11-21 21:00:33.574] [jointLog] [info] iteration = 600 | max rel diff. = 0.170147
[2025-11-21 21:00:34.253] [jointLog] [info] iteration = 700 | max rel diff. = 1.68442
[2025-11-21 21:00:34.926] [jointLog] [info] iteration = 800 | max rel diff. = 0.335213
[2025-11-21 21:00:35.606] [jointLog] [info] iteration = 900 | max rel diff. = 0.0838126
[2025-11-21 21:00:36.415] [jointLog] [info] iteration = 1000 | max rel diff. = 0.692222
[2025-11-21 21:00:37.086] [jointLog] [info] iteration = 1100 | max rel diff. = 0.038339
[2025-11-21 21:00:37.758] [jointLog] [info] iteration = 1200 | max rel diff. = 0.113971
[2025-11-21 21:00:38.082] [jointLog] [info] iteration = 1250 | max rel diff. = 0.00954794
[2025-11-21 21:00:38.085] [jointLog] [info] Finished optimizer
[2025-11-21 21:00:38.085] [jointLog] [info] writing output 

