[2025-11-21 22:14:00.013] [jointLog] [info] setting maxHashResizeThreads to 8
[2025-11-21 22:14:00.013] [jointLog] [info] Fragment incompatibility prior below threshold.  Incompatible fragments will be ignored.
[2025-11-21 22:14:00.013] [jointLog] [info] Usage of --validateMappings implies use of minScoreFraction. Since not explicitly specified, it is being set to 0.65
[2025-11-21 22:14:00.013] [jointLog] [info] Setting consensusSlack to selective-alignment default of 0.35.
[2025-11-21 22:14:00.013] [jointLog] [info] parsing read library format
[2025-11-21 22:14:00.013] [jointLog] [info] There is 1 library.
[2025-11-21 22:14:00.014] [jointLog] [info] Loading pufferfish index
[2025-11-21 22:14:00.014] [jointLog] [info] Loading dense pufferfish index.
[2025-11-21 22:14:00.500] [jointLog] [info] done
[2025-11-21 22:14:00.519] [jointLog] [info] Index contained 147955 targets
[2025-11-21 22:14:00.532] [jointLog] [info] Number of decoys : 0
[2025-11-21 22:14:01.078] [jointLog] [info] Automatically detected most likely library type as ISR

[2025-11-21 22:14:16.427] [jointLog] [info] Thread saw mini-batch with a maximum of 99.98% zero probability fragments
[2025-11-21 22:14:16.430] [jointLog] [info] Thread saw mini-batch with a maximum of 99.76% zero probability fragments
[2025-11-21 22:14:16.433] [jointLog] [info] Thread saw mini-batch with a maximum of 98.78% zero probability fragments
[2025-11-21 22:14:16.438] [jointLog] [info] Thread saw mini-batch with a maximum of 98.50% zero probability fragments
[2025-11-21 22:14:16.441] [jointLog] [info] Thread saw mini-batch with a maximum of 54.96% zero probability fragments
[2025-11-21 22:14:16.458] [jointLog] [info] Thread saw mini-batch with a maximum of 91.38% zero probability fragments
[2025-11-21 22:14:16.463] [jointLog] [info] Thread saw mini-batch with a maximum of 100.00% zero probability fragments
[2025-11-21 22:14:16.645] [jointLog] [info] Thread saw mini-batch with a maximum of 64.30% zero probability fragments
[2025-11-21 22:14:16.710] [fileLog] [info] 
At end of round 0
==================
Observed 13973767 total fragments (13973767 in most recent round)

[2025-11-21 22:14:16.710] [jointLog] [info] Computed 149734 rich equivalence classes for further processing
[2025-11-21 22:14:16.710] [jointLog] [info] Counted 7013680 total reads in the equivalence classes 
[2025-11-21 22:14:16.713] [jointLog] [info] Number of mappings discarded because of alignment score : 2621989
[2025-11-21 22:14:16.713] [jointLog] [info] Number of fragments entirely discarded because of alignment score : 62355
[2025-11-21 22:14:16.713] [jointLog] [info] Number of fragments discarded because they are best-mapped to decoys : 0
[2025-11-21 22:14:16.713] [jointLog] [info] Number of fragments discarded because they have only dovetail (discordant) mappings to valid targets : 39797
[2025-11-21 22:14:16.713] [jointLog] [info] Mapping rate = 50.1918%

[2025-11-21 22:14:16.713] [jointLog] [info] finished quantifyLibrary()
[2025-11-21 22:14:16.718] [jointLog] [info] Starting optimizer
[2025-11-21 22:14:16.753] [jointLog] [info] Marked 0 weighted equivalence classes as degenerate
[2025-11-21 22:14:16.759] [jointLog] [info] iteration = 0 | max rel diff. = 4062.47
[2025-11-21 22:14:17.283] [jointLog] [info] iteration = 100 | max rel diff. = 20.2861
[2025-11-21 22:14:17.800] [jointLog] [info] iteration = 200 | max rel diff. = 3.59882
[2025-11-21 22:14:18.313] [jointLog] [info] iteration = 300 | max rel diff. = 2.98079
[2025-11-21 22:14:18.827] [jointLog] [info] iteration = 400 | max rel diff. = 0.195025
[2025-11-21 22:14:19.344] [jointLog] [info] iteration = 500 | max rel diff. = 0.686423
[2025-11-21 22:14:19.857] [jointLog] [info] iteration = 600 | max rel diff. = 0.0529573
[2025-11-21 22:14:20.375] [jointLog] [info] iteration = 700 | max rel diff. = 0.109463
[2025-11-21 22:14:20.889] [jointLog] [info] iteration = 800 | max rel diff. = 0.185922
[2025-11-21 22:14:21.406] [jointLog] [info] iteration = 900 | max rel diff. = 0.0724345
[2025-11-21 22:14:21.919] [jointLog] [info] iteration = 1000 | max rel diff. = 0.0279073
[2025-11-21 22:14:22.432] [jointLog] [info] iteration = 1100 | max rel diff. = 0.0226617
[2025-11-21 22:14:22.943] [jointLog] [info] iteration = 1200 | max rel diff. = 0.191825
[2025-11-21 22:14:23.454] [jointLog] [info] iteration = 1300 | max rel diff. = 0.14281
[2025-11-21 22:14:23.964] [jointLog] [info] iteration = 1400 | max rel diff. = 0.0260592
[2025-11-21 22:14:24.479] [jointLog] [info] iteration = 1500 | max rel diff. = 0.04253
[2025-11-21 22:14:24.607] [jointLog] [info] iteration = 1526 | max rel diff. = 0.00541284
[2025-11-21 22:14:24.609] [jointLog] [info] Finished optimizer
[2025-11-21 22:14:24.609] [jointLog] [info] writing output 

