[2025-11-21 22:12:26.648] [jointLog] [info] setting maxHashResizeThreads to 8
[2025-11-21 22:12:26.648] [jointLog] [info] Fragment incompatibility prior below threshold.  Incompatible fragments will be ignored.
[2025-11-21 22:12:26.648] [jointLog] [info] Usage of --validateMappings implies use of minScoreFraction. Since not explicitly specified, it is being set to 0.65
[2025-11-21 22:12:26.648] [jointLog] [info] Setting consensusSlack to selective-alignment default of 0.35.
[2025-11-21 22:12:26.648] [jointLog] [info] parsing read library format
[2025-11-21 22:12:26.648] [jointLog] [info] There is 1 library.
[2025-11-21 22:12:26.649] [jointLog] [info] Loading pufferfish index
[2025-11-21 22:12:26.649] [jointLog] [info] Loading dense pufferfish index.
[2025-11-21 22:12:27.133] [jointLog] [info] done
[2025-11-21 22:12:27.155] [jointLog] [info] Index contained 147955 targets
[2025-11-21 22:12:27.167] [jointLog] [info] Number of decoys : 0
[2025-11-21 22:12:27.302] [jointLog] [info] Automatically detected most likely library type as IU

[2025-11-21 22:13:03.096] [fileLog] [info] 
At end of round 0
==================
Observed 23549423 total fragments (23549423 in most recent round)

[2025-11-21 22:13:03.096] [jointLog] [info] Computed 255673 rich equivalence classes for further processing
[2025-11-21 22:13:03.096] [jointLog] [info] Counted 22894033 total reads in the equivalence classes 
[2025-11-21 22:13:03.100] [jointLog] [info] Number of mappings discarded because of alignment score : 6210239
[2025-11-21 22:13:03.100] [jointLog] [info] Number of fragments entirely discarded because of alignment score : 194807
[2025-11-21 22:13:03.100] [jointLog] [info] Number of fragments discarded because they are best-mapped to decoys : 0
[2025-11-21 22:13:03.100] [jointLog] [info] Number of fragments discarded because they have only dovetail (discordant) mappings to valid targets : 74086
[2025-11-21 22:13:03.100] [jointLog] [info] Mapping rate = 97.217%

[2025-11-21 22:13:03.100] [jointLog] [info] finished quantifyLibrary()
[2025-11-21 22:13:03.105] [jointLog] [info] Starting optimizer
[2025-11-21 22:13:03.141] [jointLog] [info] Marked 0 weighted equivalence classes as degenerate
[2025-11-21 22:13:03.150] [jointLog] [info] iteration = 0 | max rel diff. = 8376.74
[2025-11-21 22:13:03.888] [jointLog] [info] iteration = 100 | max rel diff. = 14.7406
[2025-11-21 22:13:04.629] [jointLog] [info] iteration = 200 | max rel diff. = 1.64009
[2025-11-21 22:13:05.369] [jointLog] [info] iteration = 300 | max rel diff. = 1.6083
[2025-11-21 22:13:06.105] [jointLog] [info] iteration = 400 | max rel diff. = 1.99684
[2025-11-21 22:13:06.845] [jointLog] [info] iteration = 500 | max rel diff. = 2.84067
[2025-11-21 22:13:07.584] [jointLog] [info] iteration = 600 | max rel diff. = 2.86257
[2025-11-21 22:13:08.320] [jointLog] [info] iteration = 700 | max rel diff. = 0.128043
[2025-11-21 22:13:09.060] [jointLog] [info] iteration = 800 | max rel diff. = 0.393915
[2025-11-21 22:13:09.800] [jointLog] [info] iteration = 900 | max rel diff. = 0.126053
[2025-11-21 22:13:10.536] [jointLog] [info] iteration = 1000 | max rel diff. = 0.417416
[2025-11-21 22:13:11.276] [jointLog] [info] iteration = 1100 | max rel diff. = 0.305651
[2025-11-21 22:13:12.013] [jointLog] [info] iteration = 1200 | max rel diff. = 0.628128
[2025-11-21 22:13:12.749] [jointLog] [info] iteration = 1300 | max rel diff. = 0.0276623
[2025-11-21 22:13:13.014] [jointLog] [info] iteration = 1337 | max rel diff. = 0.00695851
[2025-11-21 22:13:13.017] [jointLog] [info] Finished optimizer
[2025-11-21 22:13:13.017] [jointLog] [info] writing output 

